<?xml version="1.0" encoding="UTF-8"?>
<!-- Generated by org.testng.reporters.JUnitReportReporter -->
<testsuite hostname="DESKTOP-F72IU76" failures="0" tests="1" name="selenium.module4.ExcelWriteAndRead" time="8.457" errors="0" timestamp="2022-05-31T21:53:44 IST" skipped="0">
  <testcase classname="selenium.module4.ExcelWriteAndRead" name="excel" time="8.457"/>
  <system-out/>
</testsuite> <!-- selenium.module4.ExcelWriteAndRead -->
