<?xml version="1.0" encoding="UTF-8"?>
<!-- Generated by org.testng.reporters.JUnitReportReporter -->
<testsuite hostname="DESKTOP-F72IU76" failures="0" tests="2" name="testng.NewTest6" time="0.012" errors="0" timestamp="2022-06-05T21:56:07 IST" skipped="0">
  <testcase classname="testng.NewTest6" name="afirst1" time="0.009"/>
  <system-out/>
  <testcase classname="testng.NewTest6" name="afirst1" time="0.003"/>
  <system-out/>
</testsuite> <!-- testng.NewTest6 -->
