<?xml version="1.0" encoding="UTF-8"?>
<!-- Generated by org.testng.reporters.JUnitReportReporter -->
<testsuite hostname="DESKTOP-F72IU76" failures="0" tests="3" name="testng.NewTest3" time="0.018" errors="0" timestamp="2022-06-05T21:00:34 IST" skipped="0">
  <testcase classname="testng.NewTest3" name="afirst" time="0.014"/>
  <system-out/>
  <testcase classname="testng.NewTest3" name="bthree" time="0.002"/>
  <system-out/>
  <testcase classname="testng.NewTest3" name="ctwo" time="0.002"/>
  <system-out/>
</testsuite> <!-- testng.NewTest3 -->
