<?xml version="1.0" encoding="UTF-8"?>
<!-- Generated by org.testng.reporters.JUnitReportReporter -->
<testsuite hostname="DESKTOP-F72IU76" failures="0" tests="4" name="testng.NewTest8" time="0.021" errors="0" timestamp="2022-06-05T22:09:25 IST" skipped="0">
  <testcase classname="testng.NewTest8" name="bsecond" time="0.014"/>
  <system-out/>
  <testcase classname="testng.NewTest8" name="afirst1" time="0.002"/>
  <system-out/>
  <testcase classname="testng.NewTest8" name="csecond" time="0.003"/>
  <system-out/>
  <testcase classname="testng.NewTest8" name="asecond" time="0.002"/>
  <system-out/>
</testsuite> <!-- testng.NewTest8 -->
