<?xml version="1.0" encoding="UTF-8"?>
<!-- Generated by org.testng.reporters.JUnitReportReporter -->
<testsuite hostname="DESKTOP-F72IU76" failures="0" tests="2" name="testng.NewTest5" time="0.003" errors="0" timestamp="2022-06-05T21:46:03 IST" skipped="1">
  <testcase classname="testng.NewTest5" name="afirst" time="0.003"/>
  <system-out/>
  <testcase classname="testng.NewTest5" name="afirst1">
    <skipped/>
  </testcase> <!-- afirst1 -->
  <system-out/>
</testsuite> <!-- testng.NewTest5 -->
