<?xml version="1.0" encoding="UTF-8"?>
<!-- Generated by org.testng.reporters.JUnitReportReporter -->
<testsuite hostname="DESKTOP-F72IU76" failures="0" tests="4" name="testng.NewTest9" time="0.034" errors="0" timestamp="2022-06-05T22:38:39 IST" skipped="0">
  <testcase classname="testng.NewTest9" name="asecond" time="0.014"/>
  <system-out/>
  <testcase classname="testng.NewTest9" name="csecond" time="0.003"/>
  <system-out/>
  <testcase classname="testng.NewTest9" name="bsecond" time="0.003"/>
  <system-out/>
  <testcase classname="testng.NewTest9" name="afirst1" time="0.014"/>
  <system-out/>
</testsuite> <!-- testng.NewTest9 -->
