<?xml version="1.0" encoding="UTF-8"?>
<!-- Generated by org.testng.reporters.JUnitReportReporter -->
<testsuite hostname="DESKTOP-F72IU76" failures="0" tests="1" name="selenium.module4.TakeScreenShotAndEmail" time="19.717" errors="0" timestamp="2022-06-06T19:37:13 IST" skipped="0">
  <testcase classname="selenium.module4.TakeScreenShotAndEmail" name="screenshotemail" time="19.717"/>
  <system-out/>
</testsuite> <!-- selenium.module4.TakeScreenShotAndEmail -->
