<?xml version="1.0" encoding="UTF-8"?>
<!-- Generated by org.testng.reporters.JUnitReportReporter -->
<testsuite hostname="DESKTOP-F72IU76" failures="0" tests="1" name="testng.NewTest" time="0.002" errors="0" timestamp="2022-06-05T20:40:56 IST" skipped="0">
  <testcase classname="testng.NewTest" name="f" time="0.002"/>
  <system-out/>
</testsuite> <!-- testng.NewTest -->
