<?xml version="1.0" encoding="UTF-8"?>
<!-- Generated by org.testng.reporters.JUnitReportReporter -->
<testsuite hostname="DESKTOP-F72IU76" failures="0" tests="1" name="selenium.module4.ExcelWriteAndRead" time="10.969" errors="0" timestamp="2022-05-31T21:55:45 IST" skipped="0">
  <testcase classname="selenium.module4.ExcelWriteAndRead" name="excel" time="10.969"/>
  <system-out/>
</testsuite> <!-- selenium.module4.ExcelWriteAndRead -->
