<?xml version="1.0" encoding="UTF-8"?>
<!-- Generated by org.testng.reporters.JUnitReportReporter -->
<testsuite hostname="DESKTOP-F72IU76" failures="0" tests="1" name="selenium.module4.ExcelWriteAndRead" time="9.213" errors="0" timestamp="2022-07-22T22:00:42 IST" skipped="0">
  <testcase classname="selenium.module4.ExcelWriteAndRead" name="excel" time="9.213"/>
  <system-out/>
</testsuite> <!-- selenium.module4.ExcelWriteAndRead -->
